This is pdfTeX, Version 3.141592653-2.6-1.40.25 (MiKTeX 23.4) (preloaded format=pdflatex 2023.4.27)  31 DEC 2024 17:14
entering extended mode
 restricted \write18 enabled.
 %&-line parsing enabled.
**./report.tex
(report.tex
LaTeX2e <2022-11-01> patch level 1
L3 programming layer <2023-03-30>
(C:\Users\marpe\AppData\Local\Programs\MiKTeX\tex/latex/base\report.cls
Document Class: report 2022/07/02 v1.4n Standard LaTeX document class
(C:\Users\marpe\AppData\Local\Programs\MiKTeX\tex/latex/base\size12.clo
File: size12.clo 2022/07/02 v1.4n Standard LaTeX file (size option)
)
\c@part=\count185
\c@chapter=\count186
\c@section=\count187
\c@subsection=\count188
\c@subsubsection=\count189
\c@paragraph=\count190
\c@subparagraph=\count191
\c@figure=\count192
\c@table=\count193
\abovecaptionskip=\skip48
\belowcaptionskip=\skip49
\bibindent=\dimen140
)
(C:\Users\marpe\AppData\Local\Programs\MiKTeX\tex/latex/graphics\graphicx.sty
Package: graphicx 2021/09/16 v1.2d Enhanced LaTeX Graphics (DPC,SPQR)

(C:\Users\marpe\AppData\Local\Programs\MiKTeX\tex/latex/graphics\keyval.sty
Package: keyval 2022/05/29 v1.15 key=value parser (DPC)
\KV@toks@=\toks16
)
(C:\Users\marpe\AppData\Local\Programs\MiKTeX\tex/latex/graphics\graphics.sty
Package: graphics 2022/03/10 v1.4e Standard LaTeX Graphics (DPC,SPQR)

(C:\Users\marpe\AppData\Local\Programs\MiKTeX\tex/latex/graphics\trig.sty
Package: trig 2021/08/11 v1.11 sin cos tan (DPC)
)
(C:\Users\marpe\AppData\Local\Programs\MiKTeX\tex/latex/graphics-cfg\graphics.c
fg
File: graphics.cfg 2016/06/04 v1.11 sample graphics configuration
)
Package graphics Info: Driver file: pdftex.def on input line 107.

(C:\Users\marpe\AppData\Local\Programs\MiKTeX\tex/latex/graphics-def\pdftex.def
File: pdftex.def 2022/09/22 v1.2b Graphics/color driver for pdftex
))
\Gin@req@height=\dimen141
\Gin@req@width=\dimen142
) (C:\Users\marpe\AppData\Local\Programs\MiKTeX\tex/latex/amsmath\amsmath.sty
Package: amsmath 2022/04/08 v2.17n AMS math features
\@mathmargin=\skip50
For additional information on amsmath, use the `?' option.
(C:\Users\marpe\AppData\Local\Programs\MiKTeX\tex/latex/amsmath\amstext.sty
Package: amstext 2021/08/26 v2.01 AMS text

(C:\Users\marpe\AppData\Local\Programs\MiKTeX\tex/latex/amsmath\amsgen.sty
File: amsgen.sty 1999/11/30 v2.0 generic functions
\@emptytoks=\toks17
\ex@=\dimen143
))
(C:\Users\marpe\AppData\Local\Programs\MiKTeX\tex/latex/amsmath\amsbsy.sty
Package: amsbsy 1999/11/29 v1.2d Bold Symbols
\pmbraise@=\dimen144
)
(C:\Users\marpe\AppData\Local\Programs\MiKTeX\tex/latex/amsmath\amsopn.sty
Package: amsopn 2022/04/08 v2.04 operator names
)
\inf@bad=\count194
LaTeX Info: Redefining \frac on input line 234.
\uproot@=\count195
\leftroot@=\count196
LaTeX Info: Redefining \overline on input line 399.
LaTeX Info: Redefining \colon on input line 410.
\classnum@=\count197
\DOTSCASE@=\count198
LaTeX Info: Redefining \ldots on input line 496.
LaTeX Info: Redefining \dots on input line 499.
LaTeX Info: Redefining \cdots on input line 620.
\Mathstrutbox@=\box51
\strutbox@=\box52
LaTeX Info: Redefining \big on input line 722.
LaTeX Info: Redefining \Big on input line 723.
LaTeX Info: Redefining \bigg on input line 724.
LaTeX Info: Redefining \Bigg on input line 725.
\big@size=\dimen145
LaTeX Font Info:    Redeclaring font encoding OML on input line 743.
LaTeX Font Info:    Redeclaring font encoding OMS on input line 744.
\macc@depth=\count199
LaTeX Info: Redefining \bmod on input line 905.
LaTeX Info: Redefining \pmod on input line 910.
LaTeX Info: Redefining \smash on input line 940.
LaTeX Info: Redefining \relbar on input line 970.
LaTeX Info: Redefining \Relbar on input line 971.
\c@MaxMatrixCols=\count266
\dotsspace@=\muskip16
\c@parentequation=\count267
\dspbrk@lvl=\count268
\tag@help=\toks18
\row@=\count269
\column@=\count270
\maxfields@=\count271
\andhelp@=\toks19
\eqnshift@=\dimen146
\alignsep@=\dimen147
\tagshift@=\dimen148
\tagwidth@=\dimen149
\totwidth@=\dimen150
\lineht@=\dimen151
\@envbody=\toks20
\multlinegap=\skip51
\multlinetaggap=\skip52
\mathdisplay@stack=\toks21
LaTeX Info: Redefining \[ on input line 2953.
LaTeX Info: Redefining \] on input line 2954.
)
(C:\Users\marpe\AppData\Local\Programs\MiKTeX\tex/latex/parskip\parskip.sty
Package: parskip 2021-03-14 v2.0h non-zero parskip adjustments

(C:\Users\marpe\AppData\Local\Programs\MiKTeX\tex/latex/kvoptions\kvoptions.sty
Package: kvoptions 2022-06-15 v3.15 Key value format for package options (HO)
(C:\Users\marpe\AppData\Local\Programs\MiKTeX\tex/generic/ltxcmds\ltxcmds.sty
Package: ltxcmds 2020-05-10 v1.25 LaTeX kernel commands for general use (HO)
)
(C:\Users\marpe\AppData\Local\Programs\MiKTeX\tex/latex/kvsetkeys\kvsetkeys.sty
Package: kvsetkeys 2022-10-05 v1.19 Key value parser (HO)
))
(C:\Users\marpe\AppData\Local\Programs\MiKTeX\tex/latex/etoolbox\etoolbox.sty
Package: etoolbox 2020/10/05 v2.5k e-TeX tools for LaTeX (JAW)
\etb@tempcnta=\count272
)) (C:\Users\marpe\AppData\Local\Programs\MiKTeX\tex/latex/wrapfig\wrapfig.sty
\wrapoverhang=\dimen152
\WF@size=\dimen153
\c@WF@wrappedlines=\count273
\WF@box=\box53
\WF@everypar=\toks22
Package: wrapfig 2003/01/31  v 3.6
)
(C:\Users\marpe\AppData\Local\Programs\MiKTeX\tex/latex/caption\subcaption.sty
Package: subcaption 2023/07/28 v1.6b Sub-captions (AR)

(C:\Users\marpe\AppData\Local\Programs\MiKTeX\tex/latex/caption\caption.sty
Package: caption 2023/08/05 v3.6o Customizing captions (AR)

(C:\Users\marpe\AppData\Local\Programs\MiKTeX\tex/latex/caption\caption3.sty
Package: caption3 2023/07/31 v2.4d caption3 kernel (AR)
\caption@tempdima=\dimen154
\captionmargin=\dimen155
\caption@leftmargin=\dimen156
\caption@rightmargin=\dimen157
\caption@width=\dimen158
\caption@indent=\dimen159
\caption@parindent=\dimen160
\caption@hangindent=\dimen161
Package caption Info: Standard document class detected.
)
\c@caption@flags=\count274
\c@continuedfloat=\count275
Package caption Info: wrapfig package is loaded.
)
Package caption Info: New subtype `subfigure' on input line 238.
\c@subfigure=\count276
Package caption Info: New subtype `subtable' on input line 238.
\c@subtable=\count277
) (C:\Users\marpe\AppData\Local\Programs\MiKTeX\tex/latex/float\float.sty
Package: float 2001/11/08 v1.3d Float enhancements (AL)
\c@float@type=\count278
\float@exts=\toks23
\float@box=\box54
\@float@everytoks=\toks24
\@floatcapt=\box55
)
(C:\Users\marpe\AppData\Local\Programs\MiKTeX\tex/latex/l3backend\l3backend-pdf
tex.def
File: l3backend-pdftex.def 2023-03-30 L3 backend support: PDF output (pdfTeX)
\l__color_backend_stack_int=\count279
\l__pdf_internal_box=\box56
) (report.aux)
\openout1 = `report.aux'.

LaTeX Font Info:    Checking defaults for OML/cmm/m/it on input line 14.
LaTeX Font Info:    ... okay on input line 14.
LaTeX Font Info:    Checking defaults for OMS/cmsy/m/n on input line 14.
LaTeX Font Info:    ... okay on input line 14.
LaTeX Font Info:    Checking defaults for OT1/cmr/m/n on input line 14.
LaTeX Font Info:    ... okay on input line 14.
LaTeX Font Info:    Checking defaults for T1/cmr/m/n on input line 14.
LaTeX Font Info:    ... okay on input line 14.
LaTeX Font Info:    Checking defaults for TS1/cmr/m/n on input line 14.
LaTeX Font Info:    ... okay on input line 14.
LaTeX Font Info:    Checking defaults for OMX/cmex/m/n on input line 14.
LaTeX Font Info:    ... okay on input line 14.
LaTeX Font Info:    Checking defaults for U/cmr/m/n on input line 14.
LaTeX Font Info:    ... okay on input line 14.

(C:\Users\marpe\AppData\Local\Programs\MiKTeX\tex/context/base/mkii\supp-pdf.mk
ii
[Loading MPS to PDF converter (version 2006.09.02).]
\scratchcounter=\count280
\scratchdimen=\dimen162
\scratchbox=\box57
\nofMPsegments=\count281
\nofMParguments=\count282
\everyMPshowfont=\toks25
\MPscratchCnt=\count283
\MPscratchDim=\dimen163
\MPnumerator=\count284
\makeMPintoPDFobject=\count285
\everyMPtoPDFconversion=\toks26
)
(C:\Users\marpe\AppData\Local\Programs\MiKTeX\tex/latex/epstopdf-pkg\epstopdf-b
ase.sty
Package: epstopdf-base 2020-01-24 v2.11 Base part for package epstopdf
Package epstopdf-base Info: Redefining graphics rule for `.eps' on input line 4
85.

(C:\Users\marpe\AppData\Local\Programs\MiKTeX\tex/latex/00miktex\epstopdf-sys.c
fg
File: epstopdf-sys.cfg 2021/03/18 v2.0 Configuration of epstopdf for MiKTeX
))
Package caption Info: Begin \AtBeginDocument code.
Package caption Info: float package is loaded.
Package caption Info: End \AtBeginDocument code.
 [1

{C:/Users/marpe/AppData/Local/MiKTeX/fonts/map/pdftex/pdftex.map}]
(report.toc [1

])
\tf@toc=\write3
\openout3 = `report.toc'.

 [2]
Chapter 1.
<./images//Modules.png, id=14, 1221.06187pt x 325.96782pt>
File: ./images//Modules.png Graphic file (type png)
<use ./images//Modules.png>
Package pdftex.def Info: ./images//Modules.png  used on input line 32.
(pdftex.def)             Requested size: 390.0pt x 104.11287pt.

Overfull \hbox (9.10419pt too wide) in paragraph at lines 40--41
[]\OT1/cmr/m/n/12 Ottenuti dei pro-totipi fun-zio-nanti dei due mod-uli, ab-bi-
amo definito l'interfaccia
 []

[3

] [4 <./images//Modules.png>]
Chapter 2.
<./images//Immagini_sensore/pcb_sensore.png, id=24, 534.49687pt x 489.32813pt>
File: ./images//Immagini_sensore/pcb_sensore.png Graphic file (type png)
<use ./images//Immagini_sensore/pcb_sensore.png>
Package pdftex.def Info: ./images//Immagini_sensore/pcb_sensore.png  used on in
put line 76.
(pdftex.def)             Requested size: 155.99762pt x 142.81242pt.
<./images//Immagini_sensore/I2C_3V3_to_5.png, id=25, 351.56343pt x 191.9672pt>
File: ./images//Immagini_sensore/I2C_3V3_to_5.png Graphic file (type png)
<use ./images//Immagini_sensore/I2C_3V3_to_5.png>
Package pdftex.def Info: ./images//Immagini_sensore/I2C_3V3_to_5.png  used on i
nput line 91.
(pdftex.def)             Requested size: 155.99762pt x 85.18054pt.
<./images//Immagini_sensore/Blocco_funzionale.png, id=26, 536.0025pt x 201.0009
3pt>
File: ./images//Immagini_sensore/Blocco_funzionale.png Graphic file (type png)
<use ./images//Immagini_sensore/Blocco_funzionale.png>
Package pdftex.def Info: ./images//Immagini_sensore/Blocco_funzionale.png  used
 on input line 100.
(pdftex.def)             Requested size: 155.99762pt x 58.49733pt.
<./images//Immagini_sensore/sensore.png, id=27, 230.36063pt x 176.91093pt>
File: ./images//Immagini_sensore/sensore.png Graphic file (type png)
<use ./images//Immagini_sensore/sensore.png>
Package pdftex.def Info: ./images//Immagini_sensore/sensore.png  used on input 
line 106.
(pdftex.def)             Requested size: 155.99762pt x 119.80113pt.
[5

] [6 <./images//Immagini_sensore/pcb_sensore.png> <./images//Immagini_sensore/I
2C_3V3_to_5.png> <./images//Immagini_sensore/Blocco_funzionale.png> <./images//
Immagini_sensore/sensore.png>]
<./images//Immagini_sensore/Responsività_sensore.png, id=41, 224.33812pt x 230
.36063pt>
File: ./images//Immagini_sensore/Responsività_sensore.png Graphic file (type p
ng)
<use ./images//Immagini_sensore/Responsività_sensore.png>
Package pdftex.def Info: ./images//Immagini_sensore/Responsività_sensore.png  
used on input line 118.
(pdftex.def)             Requested size: 155.99762pt x 160.18979pt.
<./images//Immagini_sensore/I2C.png, id=42, 640.64343pt x 441.14813pt>
File: ./images//Immagini_sensore/I2C.png Graphic file (type png)
<use ./images//Immagini_sensore/I2C.png>
Package pdftex.def Info: ./images//Immagini_sensore/I2C.png  used on input line
 127.
(pdftex.def)             Requested size: 390.0pt x 268.56145pt.
<./images//Immagini_sensore/registro_di_command.png, id=43, 636.12656pt x 350.8
1062pt>
File: ./images//Immagini_sensore/registro_di_command.png Graphic file (type png
)
<use ./images//Immagini_sensore/registro_di_command.png>
Package pdftex.def Info: ./images//Immagini_sensore/registro_di_command.png  us
ed on input line 134.
(pdftex.def)             Requested size: 390.0pt x 215.07545pt.
<./images//Immagini_sensore/macchina_a_stati.png, id=44, 255.95625pt x 298.8665
6pt>
File: ./images//Immagini_sensore/macchina_a_stati.png Graphic file (type png)
<use ./images//Immagini_sensore/macchina_a_stati.png>
Package pdftex.def Info: ./images//Immagini_sensore/macchina_a_stati.png  used 
on input line 146.
(pdftex.def)             Requested size: 155.99762pt x 182.14871pt.
 [7 <./images//Immagini_sensore/Responsività_sensore.png>] [8 <./images//Immag
ini_sensore/I2C.png> <./images//Immagini_sensore/registro_di_command.png>]
<./images//Immagini_sensore/Indirizzi_sensore.png, id=54, 211.91672pt x 134.377
03pt>
File: ./images//Immagini_sensore/Indirizzi_sensore.png Graphic file (type png)
<use ./images//Immagini_sensore/Indirizzi_sensore.png>
Package pdftex.def Info: ./images//Immagini_sensore/Indirizzi_sensore.png  used
 on input line 155.
(pdftex.def)             Requested size: 390.0pt x 247.31003pt.
 [9 <./images//Immagini_sensore/macchina_a_stati.png>]
<./images//Immagini_sensore/registro_enable.png, id=58, 764.10469pt x 362.85562
pt>
File: ./images//Immagini_sensore/registro_enable.png Graphic file (type png)
<use ./images//Immagini_sensore/registro_enable.png>
Package pdftex.def Info: ./images//Immagini_sensore/registro_enable.png  used o
n input line 184.
(pdftex.def)             Requested size: 390.0pt x 185.2034pt.
 [10 <./images//Immagini_sensore/Indirizzi_sensore.png>]
<./images//Immagini_sensore/registro_timing.png, id=63, 651.93562pt x 222.07968
pt>
File: ./images//Immagini_sensore/registro_timing.png Graphic file (type png)
<use ./images//Immagini_sensore/registro_timing.png>
Package pdftex.def Info: ./images//Immagini_sensore/registro_timing.png  used o
n input line 194.
(pdftex.def)             Requested size: 390.0pt x 132.85574pt.
<./images//Immagini_sensore/registro_control.png, id=64, 638.385pt x 226.59656p
t>
File: ./images//Immagini_sensore/registro_control.png Graphic file (type png)
<use ./images//Immagini_sensore/registro_control.png>
Package pdftex.def Info: ./images//Immagini_sensore/registro_control.png  used 
on input line 196.
(pdftex.def)             Requested size: 390.0pt x 138.43114pt.
 [11 <./images//Immagini_sensore/registro_enable.png>] [12 <./images//Immagini_
sensore/registro_timing.png> <./images//Immagini_sensore/registro_control.png>]
 [13]
<./images//Immagini_sensore/lettura_sensore.png, id=79, 609.02531pt x 207.77625
pt>
File: ./images//Immagini_sensore/lettura_sensore.png Graphic file (type png)
<use ./images//Immagini_sensore/lettura_sensore.png>
Package pdftex.def Info: ./images//Immagini_sensore/lettura_sensore.png  used o
n input line 272.
(pdftex.def)             Requested size: 390.0pt x 133.05559pt.
<./images//Immagini_sensore/scrittura_sensore.png, id=80, 718.93594pt x 681.295
32pt>
File: ./images//Immagini_sensore/scrittura_sensore.png Graphic file (type png)
<use ./images//Immagini_sensore/scrittura_sensore.png>
Package pdftex.def Info: ./images//Immagini_sensore/scrittura_sensore.png  used
 on input line 274.
(pdftex.def)             Requested size: 155.99762pt x 147.82707pt.
<./images//Immagini_sensore/Sensing_e_macchina_a_stati.png, id=81, 1196.21906pt
 x 476.53032pt>
File: ./images//Immagini_sensore/Sensing_e_macchina_a_stati.png Graphic file (t
ype png)
<use ./images//Immagini_sensore/Sensing_e_macchina_a_stati.png>
Package pdftex.def Info: ./images//Immagini_sensore/Sensing_e_macchina_a_stati.
png  used on input line 285.
(pdftex.def)             Requested size: 390.0pt x 155.36496pt.
<./images//Immagini_sensore/sensor_chart.png, id=82, 706.89093pt x 259.7203pt>
File: ./images//Immagini_sensore/sensor_chart.png Graphic file (type png)
<use ./images//Immagini_sensore/sensor_chart.png>
Package pdftex.def Info: ./images//Immagini_sensore/sensor_chart.png  used on i
nput line 290.
(pdftex.def)             Requested size: 390.0pt x 143.29045pt.
<./images//Immagini_sensore/voter.png, id=83, 706.89093pt x 259.7203pt>
File: ./images//Immagini_sensore/voter.png Graphic file (type png)
<use ./images//Immagini_sensore/voter.png>
Package pdftex.def Info: ./images//Immagini_sensore/voter.png  used on input li
ne 308.
(pdftex.def)             Requested size: 390.0pt x 143.29045pt.
 [14] [15 <./images//Immagini_sensore/lettura_sensore.png> <./images//Immagini_
sensore/scrittura_sensore.png> <./images//Immagini_sensore/Sensing_e_macchina_a
_stati.png>]
<./images//Immagini_sensore/i2c_test.png, id=90, 1535.7375pt x 766.36313pt>
File: ./images//Immagini_sensore/i2c_test.png Graphic file (type png)
<use ./images//Immagini_sensore/i2c_test.png>
Package pdftex.def Info: ./images//Immagini_sensore/i2c_test.png  used on input
 line 323.
(pdftex.def)             Requested size: 390.0pt x 194.61899pt.

[16 <./images//Immagini_sensore/sensor_chart.png> <./images//Immagini_sensore/v
oter.png>]
<./images//Immagini_sensore/test_stateflow_2.png, id=96, 2232.84187pt x 660.969
38pt>
File: ./images//Immagini_sensore/test_stateflow_2.png Graphic file (type png)
<use ./images//Immagini_sensore/test_stateflow_2.png>
Package pdftex.def Info: ./images//Immagini_sensore/test_stateflow_2.png  used 
on input line 332.
(pdftex.def)             Requested size: 390.0pt x 115.44948pt.
<./images//Immagini_sensore/Matlab_completo.png, id=97, 2363.07843pt x 508.1484
4pt>
File: ./images//Immagini_sensore/Matlab_completo.png Graphic file (type png)
<use ./images//Immagini_sensore/Matlab_completo.png>
Package pdftex.def Info: ./images//Immagini_sensore/Matlab_completo.png  used o
n input line 338.
(pdftex.def)             Requested size: 390.0pt x 83.86412pt.


LaTeX Warning: `h' float specifier changed to `ht'.

[17 <./images//Immagini_sensore/i2c_test.png> <./images//Immagini_sensore/test_
stateflow_2.png>] [18 <./images//Immagini_sensore/Matlab_completo.png>]
Chapter 3.
<./images//Complete_attuation.png, id=106, 1317.42188pt x 252.19218pt>
File: ./images//Complete_attuation.png Graphic file (type png)
<use ./images//Complete_attuation.png>
Package pdftex.def Info: ./images//Complete_attuation.png  used on input line 3
55.
(pdftex.def)             Requested size: 390.0pt x 74.65771pt.
[19

 <./images//Complete_attuation.png>]
<./images//Path_structure.png, id=111, 526.96875pt x 293.59688pt>
File: ./images//Path_structure.png Graphic file (type png)
<use ./images//Path_structure.png>
Package pdftex.def Info: ./images//Path_structure.png  used on input line 374.
(pdftex.def)             Requested size: 390.0pt x 217.29411pt.
 [20 <./images//Path_structure.png>]
Overfull \hbox (12.7148pt too wide) in paragraph at lines 390--391
[]\OT1/cmr/m/n/12 Il blocco \OT1/cmr/bx/n/12 PWM-driver \OT1/cmr/m/n/12 im-post
a le us-cite PWM a par-tire dagli an-goli desiderati. 
 []

[21]
<./images//Harness.png, id=119, 1044.15094pt x 472.01344pt>
File: ./images//Harness.png Graphic file (type png)
<use ./images//Harness.png>
Package pdftex.def Info: ./images//Harness.png  used on input line 419.
(pdftex.def)             Requested size: 390.0pt x 176.29877pt.
 [22 <./images//Harness.png>]
Chapter 4.
File: ./images//Immagini_sensore/Matlab_completo.png Graphic file (type png)
<use ./images//Immagini_sensore/Matlab_completo.png>
Package pdftex.def Info: ./images//Immagini_sensore/Matlab_completo.png  used o
n input line 427.
(pdftex.def)             Requested size: 292.5pt x 62.89809pt.
<./images//Blender3D.png, id=124, 318.43968pt x 313.17pt>
File: ./images//Blender3D.png Graphic file (type png)
<use ./images//Blender3D.png>
Package pdftex.def Info: ./images//Blender3D.png  used on input line 445.
(pdftex.def)             Requested size: 155.99762pt x 153.4164pt.
[23

] [24 <./images//Blender3D.png>]
Chapter 5.
[25

]
Chapter 6.
[26

] (report.aux) ) 
Here is how much of TeX's memory you used:
 4645 strings out of 476331
 85041 string characters out of 5787765
 1861660 words of memory out of 5000000
 25039 multiletter control sequences out of 15000+600000
 519563 words of font info for 57 fonts, out of 8000000 for 9000
 1141 hyphenation exceptions out of 8191
 67i,9n,77p,585b,311s stack positions out of 10000i,1000n,20000p,200000b,200000s
 <C:\Users\marpe\AppData\Local\MiKTeX\fonts/pk/ljfour/jknappen/
ec/dpi600\tcrm1200.pk><C:/Users/marpe/AppData/Local/Programs/MiKTeX/fonts/type1
/public/amsfonts/cm/cmbx12.pfb><C:/Users/marpe/AppData/Local/Programs/MiKTeX/fo
nts/type1/public/amsfonts/cm/cmmi12.pfb><C:/Users/marpe/AppData/Local/Programs/
MiKTeX/fonts/type1/public/amsfonts/cm/cmmi8.pfb><C:/Users/marpe/AppData/Local/P
rograms/MiKTeX/fonts/type1/public/amsfonts/cm/cmr12.pfb><C:/Users/marpe/AppData
/Local/Programs/MiKTeX/fonts/type1/public/amsfonts/cm/cmr17.pfb><C:/Users/marpe
/AppData/Local/Programs/MiKTeX/fonts/type1/public/amsfonts/cm/cmr8.pfb><C:/User
s/marpe/AppData/Local/Programs/MiKTeX/fonts/type1/public/amsfonts/cm/cmsy10.pfb
><C:/Users/marpe/AppData/Local/Programs/MiKTeX/fonts/type1/public/amsfonts/cm/c
mti12.pfb>
Output written on report.pdf (27 pages, 2275196 bytes).
PDF statistics:
 177 PDF objects out of 1000 (max. 8388607)
 0 named destinations out of 1000 (max. 500000)
 126 words of extra memory for PDF output out of 10000 (max. 10000000)

