This is pdfTeX, Version 3.141592653-2.6-1.40.26 (TeX Live 2024) (preloaded format=pdflatex 2024.12.24)  24 DEC 2024 01:34
entering extended mode
 restricted \write18 enabled.
 file:line:error style messages enabled.
 %&-line parsing enabled.
**"d:/Meccatronica/Esercitazioni_meccatronica/Robotic sorter/Report/report_sensore.tex"
(d:/Meccatronica/Esercitazioni_meccatronica/Robotic sorter/Report/report_sensore.tex
LaTeX2e <2024-11-01> patch level 1
L3 programming layer <2024-11-02>
(c:/texlive/2024/texmf-dist/tex/latex/base/report.cls
Document Class: report 2024/06/29 v1.4n Standard LaTeX document class
(c:/texlive/2024/texmf-dist/tex/latex/base/size12.clo
File: size12.clo 2024/06/29 v1.4n Standard LaTeX file (size option)
)
\c@part=\count196
\c@chapter=\count197
\c@section=\count198
\c@subsection=\count199
\c@subsubsection=\count266
\c@paragraph=\count267
\c@subparagraph=\count268
\c@figure=\count269
\c@table=\count270
\abovecaptionskip=\skip49
\belowcaptionskip=\skip50
\bibindent=\dimen141
) (c:/texlive/2024/texmf-dist/tex/generic/babel/babel.sty
Package: babel 2024/12/21 v24.15 The multilingual framework for pdfLaTeX, LuaLaTeX and XeLaTeX
\babel@savecnt=\count271
\U@D=\dimen142
\l@unhyphenated=\language89
 (c:/texlive/2024/texmf-dist/tex/generic/babel/txtbabel.def)
\bbl@readstream=\read2
\bbl@dirlevel=\count272
 (c:/texlive/2024/texmf-dist/tex/generic/babel-italian/italian.ldf
Language: italian 2024/10/10 v.1.5.01 Italian support for the babel system
\it@lettering=\count273
\it@doublequoteactive=\count274
\it@ISOcompliance=\count275
)) (c:/texlive/2024/texmf-dist/tex/generic/babel/locale/it/babel-italian.tex
Package babel Info: Importing font and identification data for italian
(babel)             from babel-it.ini. Reported on input line 11.
) (c:/texlive/2024/texmf-dist/tex/latex/etoolbox/etoolbox.sty
Package: etoolbox 2020/10/05 v2.5k e-TeX tools for LaTeX (JAW)
\etb@tempcnta=\count276
) (c:/texlive/2024/texmf-dist/tex/latex/base/inputenc.sty
Package: inputenc 2024/02/08 v1.3d Input encoding file
\inpenc@prehook=\toks17
\inpenc@posthook=\toks18
) (c:/texlive/2024/texmf-dist/tex/latex/amsmath/amsmath.sty
Package: amsmath 2024/11/05 v2.17t AMS math features
\@mathmargin=\skip51

For additional information on amsmath, use the `?' option.
(c:/texlive/2024/texmf-dist/tex/latex/amsmath/amstext.sty
Package: amstext 2021/08/26 v2.01 AMS text
 (c:/texlive/2024/texmf-dist/tex/latex/amsmath/amsgen.sty
File: amsgen.sty 1999/11/30 v2.0 generic functions
\@emptytoks=\toks19
\ex@=\dimen143
)) (c:/texlive/2024/texmf-dist/tex/latex/amsmath/amsbsy.sty
Package: amsbsy 1999/11/29 v1.2d Bold Symbols
\pmbraise@=\dimen144
) (c:/texlive/2024/texmf-dist/tex/latex/amsmath/amsopn.sty
Package: amsopn 2022/04/08 v2.04 operator names
)
\inf@bad=\count277
LaTeX Info: Redefining \frac on input line 233.
\uproot@=\count278
\leftroot@=\count279
LaTeX Info: Redefining \overline on input line 398.
LaTeX Info: Redefining \colon on input line 409.
\classnum@=\count280
\DOTSCASE@=\count281
LaTeX Info: Redefining \ldots on input line 495.
LaTeX Info: Redefining \dots on input line 498.
LaTeX Info: Redefining \cdots on input line 619.
\Mathstrutbox@=\box52
\strutbox@=\box53
LaTeX Info: Redefining \big on input line 721.
LaTeX Info: Redefining \Big on input line 722.
LaTeX Info: Redefining \bigg on input line 723.
LaTeX Info: Redefining \Bigg on input line 724.
\big@size=\dimen145
LaTeX Font Info:    Redeclaring font encoding OML on input line 742.
LaTeX Font Info:    Redeclaring font encoding OMS on input line 743.
\macc@depth=\count282
LaTeX Info: Redefining \bmod on input line 904.
LaTeX Info: Redefining \pmod on input line 909.
LaTeX Info: Redefining \smash on input line 939.
LaTeX Info: Redefining \relbar on input line 969.
LaTeX Info: Redefining \Relbar on input line 970.
\c@MaxMatrixCols=\count283
\dotsspace@=\muskip17
\c@parentequation=\count284
\dspbrk@lvl=\count285
\tag@help=\toks20
\row@=\count286
\column@=\count287
\maxfields@=\count288
\andhelp@=\toks21
\eqnshift@=\dimen146
\alignsep@=\dimen147
\tagshift@=\dimen148
\tagwidth@=\dimen149
\totwidth@=\dimen150
\lineht@=\dimen151
\@envbody=\toks22
\multlinegap=\skip52
\multlinetaggap=\skip53
\mathdisplay@stack=\toks23
LaTeX Info: Redefining \[ on input line 2953.
LaTeX Info: Redefining \] on input line 2954.
) (c:/texlive/2024/texmf-dist/tex/latex/parskip/parskip.sty
Package: parskip 2021-03-14 v2.0h non-zero parskip adjustments
 (c:/texlive/2024/texmf-dist/tex/latex/kvoptions/kvoptions.sty
Package: kvoptions 2022-06-15 v3.15 Key value format for package options (HO)
 (c:/texlive/2024/texmf-dist/tex/latex/graphics/keyval.sty
Package: keyval 2022/05/29 v1.15 key=value parser (DPC)
\KV@toks@=\toks24
) (c:/texlive/2024/texmf-dist/tex/generic/ltxcmds/ltxcmds.sty
Package: ltxcmds 2023-12-04 v1.26 LaTeX kernel commands for general use (HO)
) (c:/texlive/2024/texmf-dist/tex/latex/kvsetkeys/kvsetkeys.sty
Package: kvsetkeys 2022-10-05 v1.19 Key value parser (HO)
))) (c:/texlive/2024/texmf-dist/tex/latex/wrapfig/wrapfig.sty
\wrapoverhang=\dimen152
\WF@size=\dimen153
\c@WF@wrappedlines=\count289
\WF@box=\box54
\WF@everypar=\toks25
Package: wrapfig 2003/01/31  v 3.6
) (c:/texlive/2024/texmf-dist/tex/latex/graphics/graphicx.sty
Package: graphicx 2021/09/16 v1.2d Enhanced LaTeX Graphics (DPC,SPQR)
 (c:/texlive/2024/texmf-dist/tex/latex/graphics/graphics.sty
Package: graphics 2024/08/06 v1.4g Standard LaTeX Graphics (DPC,SPQR)
 (c:/texlive/2024/texmf-dist/tex/latex/graphics/trig.sty
Package: trig 2023/12/02 v1.11 sin cos tan (DPC)
) (c:/texlive/2024/texmf-dist/tex/latex/graphics-cfg/graphics.cfg
File: graphics.cfg 2016/06/04 v1.11 sample graphics configuration
)
Package graphics Info: Driver file: pdftex.def on input line 106.
 (c:/texlive/2024/texmf-dist/tex/latex/graphics-def/pdftex.def
File: pdftex.def 2024/04/13 v1.2c Graphics/color driver for pdftex
))
\Gin@req@height=\dimen154
\Gin@req@width=\dimen155
) (c:/texlive/2024/texmf-dist/tex/latex/caption/subcaption.sty
Package: subcaption 2023/07/28 v1.6b Sub-captions (AR)
 (c:/texlive/2024/texmf-dist/tex/latex/caption/caption.sty
Package: caption 2023/08/05 v3.6o Customizing captions (AR)
 (c:/texlive/2024/texmf-dist/tex/latex/caption/caption3.sty
Package: caption3 2023/07/31 v2.4d caption3 kernel (AR)
\caption@tempdima=\dimen156
\captionmargin=\dimen157
\caption@leftmargin=\dimen158
\caption@rightmargin=\dimen159
\caption@width=\dimen160
\caption@indent=\dimen161
\caption@parindent=\dimen162
\caption@hangindent=\dimen163
Package caption Info: Standard document class detected.
)
\c@caption@flags=\count290
\c@continuedfloat=\count291
Package caption Info: wrapfig package is loaded.
)
Package caption Info: New subtype `subfigure' on input line 238.
\c@subfigure=\count292
Package caption Info: New subtype `subtable' on input line 238.
\c@subtable=\count293
) (c:/texlive/2024/texmf-dist/tex/latex/l3backend/l3backend-pdftex.def
File: l3backend-pdftex.def 2024-05-08 L3 backend support: PDF output (pdfTeX)
\l__color_backend_stack_int=\count294
\l__pdf_internal_box=\box55
) (./report_sensore.aux)
\openout1 = `report_sensore.aux'.

LaTeX Font Info:    Checking defaults for OML/cmm/m/it on input line 16.
LaTeX Font Info:    ... okay on input line 16.
LaTeX Font Info:    Checking defaults for OMS/cmsy/m/n on input line 16.
LaTeX Font Info:    ... okay on input line 16.
LaTeX Font Info:    Checking defaults for OT1/cmr/m/n on input line 16.
LaTeX Font Info:    ... okay on input line 16.
LaTeX Font Info:    Checking defaults for T1/cmr/m/n on input line 16.
LaTeX Font Info:    ... okay on input line 16.
LaTeX Font Info:    Checking defaults for TS1/cmr/m/n on input line 16.
LaTeX Font Info:    ... okay on input line 16.
LaTeX Font Info:    Checking defaults for OMX/cmex/m/n on input line 16.
LaTeX Font Info:    ... okay on input line 16.
LaTeX Font Info:    Checking defaults for U/cmr/m/n on input line 16.
LaTeX Font Info:    ... okay on input line 16.
LaTeX Info: Redefining \it@ocap on input line 16.
LaTeX Info: Redefining \it@ccap on input line 16.


File italian.ldf warning: 
italian.ldf    With OT1 encoding guillemets are poorly faked
italian.ldf    Use T1 encoding
italian.ldf    or specify a font with command \CaporaliFrom
italian.ldf    See the documentation concerning the babel-italian typesetting
italian.ldf    on input line 16.

(c:/texlive/2024/texmf-dist/tex/context/base/mkii/supp-pdf.mkii
[Loading MPS to PDF converter (version 2006.09.02).]
\scratchcounter=\count295
\scratchdimen=\dimen164
\scratchbox=\box56
\nofMPsegments=\count296
\nofMParguments=\count297
\everyMPshowfont=\toks26
\MPscratchCnt=\count298
\MPscratchDim=\dimen165
\MPnumerator=\count299
\makeMPintoPDFobject=\count300
\everyMPtoPDFconversion=\toks27
) (c:/texlive/2024/texmf-dist/tex/latex/epstopdf-pkg/epstopdf-base.sty
Package: epstopdf-base 2020-01-24 v2.11 Base part for package epstopdf
Package epstopdf-base Info: Redefining graphics rule for `.eps' on input line 485.
 (c:/texlive/2024/texmf-dist/tex/latex/latexconfig/epstopdf-sys.cfg
File: epstopdf-sys.cfg 2010/07/13 v1.3 Configuration of (r)epstopdf for TeX Live
))
Package caption Info: Begin \AtBeginDocument code.
Package caption Info: End \AtBeginDocument code.


[1

{c:/texlive/2024/texmf-var/fonts/map/pdftex/updmap/pdftex.map}]

[1]
<images/Immagini sensore/pcb sensore.png, id=11, 534.49687pt x 489.32813pt>
File: images/Immagini sensore/pcb sensore.png Graphic file (type png)
<use images/Immagini sensore/pcb sensore.png>
Package pdftex.def Info: images/Immagini sensore/pcb sensore.png  used on input line 26.
(pdftex.def)             Requested size: 93.6013pt x 85.68596pt.
<images/Immagini sensore/I2C_3.3 to 5.png, id=13, 351.56343pt x 191.9672pt>
File: images/Immagini sensore/I2C_3.3 to 5.png Graphic file (type png)
<use images/Immagini sensore/I2C_3.3 to 5.png>
Package pdftex.def Info: images/Immagini sensore/I2C_3.3 to 5.png  used on input line 32.
(pdftex.def)             Requested size: 136.50238pt x 74.53297pt.
<images/Immagini sensore/Blocco funzionale.png, id=14, 536.0025pt x 201.00093pt>
File: images/Immagini sensore/Blocco funzionale.png Graphic file (type png)
<use images/Immagini sensore/Blocco funzionale.png>
Package pdftex.def Info: images/Immagini sensore/Blocco funzionale.png  used on input line 38.
(pdftex.def)             Requested size: 156.0006pt x 58.49733pt.
<images/Immagini sensore/sensore.png, id=15, 230.36063pt x 176.91093pt>
File: images/Immagini sensore/sensore.png Graphic file (type png)
<use images/Immagini sensore/sensore.png>
Package pdftex.def Info: images/Immagini sensore/sensore.png  used on input line 42.
(pdftex.def)             Requested size: 62.39809pt x 47.91776pt.
<images/Immagini sensore/Responsività sensore.png, id=16, 224.33812pt x 230.36063pt>
File: images/Immagini sensore/Responsività sensore.png Graphic file (type png)
<use images/Immagini sensore/Responsività sensore.png>
Package pdftex.def Info: images/Immagini sensore/Responsività sensore.png  used on input line 49.
(pdftex.def)             Requested size: 97.5pt x 100.11465pt.


LaTeX Warning: `h' float specifier changed to `ht'.



[2 <./images/Immagini sensore/pcb sensore.png> <./images/Immagini sensore/I2C_3.3 to 5.png> <./images/Immagini sensore/Blocco funzionale.png> <./images/Immagini sensore/sensore.png>]
<images/Immagini sensore/I2C.png, id=27, 640.64343pt x 441.14813pt>
File: images/Immagini sensore/I2C.png Graphic file (type png)
<use images/Immagini sensore/I2C.png>
Package pdftex.def Info: images/Immagini sensore/I2C.png  used on input line 56.
(pdftex.def)             Requested size: 272.99881pt x 187.98695pt.
<images/Immagini sensore/registro di command.png, id=28, 636.12656pt x 350.81062pt>
File: images/Immagini sensore/registro di command.png Graphic file (type png)
<use images/Immagini sensore/registro di command.png>
Package pdftex.def Info: images/Immagini sensore/registro di command.png  used on input line 62.
(pdftex.def)             Requested size: 272.99881pt x 150.55121pt.


LaTeX Warning: `h' float specifier changed to `ht'.



[3 <./images/Immagini sensore/Responsività sensore.png> <./images/Immagini sensore/I2C.png>]
<images/Immagini sensore/macchina a stati.png, id=34, 255.95625pt x 298.86656pt>
File: images/Immagini sensore/macchina a stati.png Graphic file (type png)
<use images/Immagini sensore/macchina a stati.png>
Package pdftex.def Info: images/Immagini sensore/macchina a stati.png  used on input line 71.
(pdftex.def)             Requested size: 136.50238pt x 159.3881pt.


[4 <./images/Immagini sensore/registro di command.png> <./images/Immagini sensore/macchina a stati.png>]
<images/Immagini sensore/Indirizzi sensore.png, id=39, 211.91672pt x 134.37703pt>
File: images/Immagini sensore/Indirizzi sensore.png Graphic file (type png)
<use images/Immagini sensore/Indirizzi sensore.png>
Package pdftex.def Info: images/Immagini sensore/Indirizzi sensore.png  used on input line 79.
(pdftex.def)             Requested size: 195.0pt x 123.65501pt.


[5

 <./images/Immagini sensore/Indirizzi sensore.png>]
<images/Immagini sensore/registro enable.png, id=44, 764.10469pt x 362.85562pt>
File: images/Immagini sensore/registro enable.png Graphic file (type png)
<use images/Immagini sensore/registro enable.png>
Package pdftex.def Info: images/Immagini sensore/registro enable.png  used on input line 104.
(pdftex.def)             Requested size: 253.49762pt x 120.37944pt.
<images/Immagini sensore/registro timing.png, id=45, 651.93562pt x 222.07968pt>
File: images/Immagini sensore/registro timing.png Graphic file (type png)
<use images/Immagini sensore/registro timing.png>
Package pdftex.def Info: images/Immagini sensore/registro timing.png  used on input line 112.
(pdftex.def)             Requested size: 253.49762pt x 86.35318pt.
<images/Immagini sensore/registro control.png, id=46, 638.385pt x 226.59656pt>
File: images/Immagini sensore/registro control.png Graphic file (type png)
<use images/Immagini sensore/registro control.png>
Package pdftex.def Info: images/Immagini sensore/registro control.png  used on input line 114.
(pdftex.def)             Requested size: 253.49762pt x 89.98007pt.


[6

 <./images/Immagini sensore/registro enable.png> <./images/Immagini sensore/registro timing.png> <./images/Immagini sensore/registro control.png>]

LaTeX Warning: `h' float specifier changed to `ht'.



[7]
<images/Immagini sensore/lettura sensore.png, id=58, 609.02531pt x 207.77625pt>
File: images/Immagini sensore/lettura sensore.png Graphic file (type png)
<use images/Immagini sensore/lettura sensore.png>
Package pdftex.def Info: images/Immagini sensore/lettura sensore.png  used on input line 176.
(pdftex.def)             Requested size: 296.39786pt x 101.12326pt.
<images/Immagini sensore/scrittura sensore.png, id=59, 718.93594pt x 681.29532pt>
File: images/Immagini sensore/scrittura sensore.png Graphic file (type png)
<use images/Immagini sensore/scrittura sensore.png>
Package pdftex.def Info: images/Immagini sensore/scrittura sensore.png  used on input line 181.
(pdftex.def)             Requested size: 234.00238pt x 221.751pt.


LaTeX Warning: `h' float specifier changed to `ht'.

<images/Immagini sensore/Sensing e macchina a stati.png, id=60, 1196.21906pt x 476.53032pt>
File: images/Immagini sensore/Sensing e macchina a stati.png Graphic file (type png)
<use images/Immagini sensore/Sensing e macchina a stati.png>
Package pdftex.def Info: images/Immagini sensore/Sensing e macchina a stati.png  used on input line 188.
(pdftex.def)             Requested size: 234.00238pt x 93.21751pt.

LaTeX Warning: `h' float specifier changed to `ht'.

<images/Immagini sensore/sensor_chart.png, id=61, 706.89093pt x 259.7203pt>
File: images/Immagini sensore/sensor_chart.png Graphic file (type png)
<use images/Immagini sensore/sensor_chart.png>
Package pdftex.def Info: images/Immagini sensore/sensor_chart.png  used on input line 192.
(pdftex.def)             Requested size: 312.00119pt x 114.63396pt.

LaTeX Warning: `h' float specifier changed to `ht'.



[8 <./images/Immagini sensore/lettura sensore.png>]
<images/Immagini sensore/voter.png, id=65, 706.89093pt x 259.7203pt>
File: images/Immagini sensore/voter.png Graphic file (type png)
<use images/Immagini sensore/voter.png>
Package pdftex.def Info: images/Immagini sensore/voter.png  used on input line 200.
(pdftex.def)             Requested size: 292.5pt x 107.46883pt.


LaTeX Warning: `h' float specifier changed to `ht'.



[9 <./images/Immagini sensore/scrittura sensore.png> <./images/Immagini sensore/Sensing e macchina a stati.png>]
<images/Immagini sensore/i2c_test.png, id=69, 1535.7375pt x 766.36313pt>
File: images/Immagini sensore/i2c_test.png Graphic file (type png)
<use images/Immagini sensore/i2c_test.png>
Package pdftex.def Info: images/Immagini sensore/i2c_test.png  used on input line 208.
(pdftex.def)             Requested size: 234.00238pt x 116.76204pt.
<images/Immagini sensore/test_stateflow_2.png, id=70, 2232.84187pt x 660.96938pt>
File: images/Immagini sensore/test_stateflow_2.png Graphic file (type png)
<use images/Immagini sensore/test_stateflow_2.png>
Package pdftex.def Info: images/Immagini sensore/test_stateflow_2.png  used on input line 215.
(pdftex.def)             Requested size: 292.5pt x 86.5846pt.
<images/Immagini sensore/Matlab_completo.png, id=71, 2363.07843pt x 508.14844pt>
File: images/Immagini sensore/Matlab_completo.png Graphic file (type png)
<use images/Immagini sensore/Matlab_completo.png>
Package pdftex.def Info: images/Immagini sensore/Matlab_completo.png  used on input line 221.
(pdftex.def)             Requested size: 292.5pt x 62.89809pt.


[10 <./images/Immagini sensore/sensor_chart.png> <./images/Immagini sensore/voter.png> <./images/Immagini sensore/i2c_test.png>]

[11 <./images/Immagini sensore/test_stateflow_2.png> <./images/Immagini sensore/Matlab_completo.png>] (./report_sensore.aux)
 ***********
LaTeX2e <2024-11-01> patch level 1
L3 programming layer <2024-11-02>
 ***********
 ) 
Here is how much of TeX's memory you used:
 5611 strings out of 473329
 99135 string characters out of 5723856
 506986 words of memory out of 5000000
 28712 multiletter control sequences out of 15000+600000
 564662 words of font info for 59 fonts, out of 8000000 for 9000
 1141 hyphenation exceptions out of 8191
 67i,10n,77p,1296b,475s stack positions out of 10000i,1000n,20000p,200000b,200000s
<c:/texlive/2024/texmf-dist/fonts/type1/public/amsfonts/cm/cmbx12.pfb><c:/texlive/2024/texmf-dist/fonts/type1/public/amsfonts/cm/cmmi12.pfb><c:/texlive/2024/texmf-dist/fonts/type1/public/amsfonts/cm/cmmi8.pfb><c:/texlive/2024/texmf-dist/fonts/type1/public/amsfonts/cm/cmr10.pfb><c:/texlive/2024/texmf-dist/fonts/type1/public/amsfonts/cm/cmr12.pfb><c:/texlive/2024/texmf-dist/fonts/type1/public/amsfonts/cm/cmr17.pfb><c:/texlive/2024/texmf-dist/fonts/type1/public/amsfonts/cm/cmr8.pfb><c:/texlive/2024/texmf-dist/fonts/type1/public/amsfonts/cm/cmsy10.pfb>
Output written on report_sensore.pdf (12 pages, 2101758 bytes).
PDF statistics:
 116 PDF objects out of 1000 (max. 8388607)
 53 compressed objects within 1 object stream
 0 named destinations out of 1000 (max. 500000)
 101 words of extra memory for PDF output out of 10000 (max. 10000000)

